\BOOKMARK [0][-]{chapter.1}{\376\377\133\374\212\000}{}% 1
\BOOKMARK [1][-]{section.1.1}{\376\377\166\356\166\204}{chapter.1}% 2
\BOOKMARK [1][-]{section.1.2}{\376\377\145\207\150\143\176\246\133\232}{chapter.1}% 3
\BOOKMARK [1][-]{section.1.3}{\376\377\117\177\165\050\116\272\177\244\124\214\226\005\213\373\136\372\213\256}{chapter.1}% 4
\BOOKMARK [1][-]{section.1.4}{\376\377\230\171\166\356\203\003\126\364}{chapter.1}% 5
\BOOKMARK [1][-]{section.1.5}{\376\377\230\316\226\151\213\146\171\072}{chapter.1}% 6
\BOOKMARK [1][-]{section.1.6}{\376\377\123\302\200\003\145\207\163\056}{chapter.1}% 7
\BOOKMARK [0][-]{chapter.2}{\376\377\140\073\117\123\143\317\217\360}{}% 8
\BOOKMARK [1][-]{section.2.1}{\376\377\116\247\124\301\141\077\146\157}{chapter.2}% 9
\BOOKMARK [1][-]{section.2.2}{\376\377\116\247\124\301\162\171\140\047}{chapter.2}% 10
\BOOKMARK [1][-]{section.2.3}{\376\377\165\050\142\067\174\173\127\213\124\214\162\171\137\201}{chapter.2}% 11
\BOOKMARK [1][-]{section.2.4}{\376\377\144\315\117\134\163\257\130\203}{chapter.2}% 12
\BOOKMARK [1][-]{section.2.5}{\376\377\213\276\213\241\124\214\133\236\145\275\176\246\147\137}{chapter.2}% 13
\BOOKMARK [2][-]{subsection.2.5.1}{\376\377\213\241\173\227\215\104\156\220}{section.2.5}% 14
\BOOKMARK [2][-]{subsection.2.5.2}{\376\377\145\160\143\156\117\040\217\223}{section.2.5}% 15
\BOOKMARK [2][-]{subsection.2.5.3}{\376\377\165\050\142\067\165\114\227\142}{section.2.5}% 16
\BOOKMARK [2][-]{subsection.2.5.4}{\376\377\177\373\213\321\121\306\170\156\140\047}{section.2.5}% 17
\BOOKMARK [2][-]{subsection.2.5.5}{\376\377\226\220\171\301\117\335\142\244}{section.2.5}% 18
\BOOKMARK [2][-]{subsection.2.5.6}{\376\377\142\020\147\054\143\247\122\066}{section.2.5}% 19
\BOOKMARK [1][-]{section.2.6}{\376\377\165\050\142\067\145\207\150\143}{chapter.2}% 20
\BOOKMARK [2][-]{subsection.2.6.1}{\376\377\143\317\217\360\174\173\145\207\150\143}{section.2.6}% 21
\BOOKMARK [2][-]{subsection.2.6.2}{\376\377\217\307\172\013\140\047\145\207\150\143}{section.2.6}% 22
\BOOKMARK [2][-]{subsection.2.6.3}{\376\377\123\302\200\003\174\173\145\207\150\143}{section.2.6}% 23
\BOOKMARK [2][-]{subsection.2.6.4}{\376\377\123\117\213\256\174\173\145\207\150\143}{section.2.6}% 24
\BOOKMARK [1][-]{section.2.7}{\376\377\120\107\213\276\124\214\117\235\215\126}{chapter.2}% 25
\BOOKMARK [2][-]{subsection.2.7.1}{\376\377\165\050\142\067}{section.2.7}% 26
\BOOKMARK [2][-]{subsection.2.7.2}{\376\377\147\015\122\241\126\150}{section.2.7}% 27
\BOOKMARK [2][-]{subsection.2.7.3}{\376\377\177\121\176\334\145\271\227\142}{section.2.7}% 28
\BOOKMARK [0][-]{chapter.3}{\376\377\174\373\176\337\162\171\140\047}{}% 29
\BOOKMARK [1][-]{section.3.1}{\376\377\166\364\144\255\136\163\123\360}{chapter.3}% 30
\BOOKMARK [1][-]{section.3.2}{\376\377\124\014\130\360\117\040\213\321}{chapter.3}% 31
\BOOKMARK [1][-]{section.3.3}{\376\377\122\006\136\003\137\017\133\130\120\250}{chapter.3}% 32
\BOOKMARK [2][-]{subsection.3.3.1}{\376\377\117\030\215\212\140\047}{section.3.3}% 33
\BOOKMARK [2][-]{subsection.3.3.2}{\376\377\217\320\210\114\220\073\217\221}{section.3.3}% 34
\BOOKMARK [0][-]{chapter.4}{\376\377\131\026\220\350\143\245\123\343\227\000\154\102}{}% 35
\BOOKMARK [1][-]{section.4.1}{\376\377\174\173\126\376}{chapter.4}% 36
\BOOKMARK [1][-]{section.4.2}{\376\377\000C\000R\000C\152\041\127\213}{chapter.4}% 37
\BOOKMARK [0][-]{chapter.5}{\376\377\227\136\122\237\200\375\140\047\227\000\154\102}{}% 38
\BOOKMARK [1][-]{section.5.1}{\376\377\140\047\200\375\227\000\154\102}{chapter.5}% 39
\BOOKMARK [2][-]{subsection.5.1.1}{\376\377\211\306\230\221\136\047\163\207}{section.5.1}% 40
\BOOKMARK [2][-]{subsection.5.1.2}{\376\377\177\121\176\334\136\366\217\337}{section.5.1}% 41
\BOOKMARK [2][-]{subsection.5.1.3}{\376\377\126\376\120\317\156\005\146\160\136\246}{section.5.1}% 42
\BOOKMARK [2][-]{subsection.5.1.4}{\376\377\136\366\217\337}{section.5.1}% 43
\BOOKMARK [2][-]{subsection.5.1.5}{\376\377\136\046\133\275}{section.5.1}% 44
\BOOKMARK [2][-]{subsection.5.1.6}{\376\377\177\023\121\262\220\037\136\246}{section.5.1}% 45
\BOOKMARK [2][-]{subsection.5.1.7}{\376\377\133\271\221\317}{section.5.1}% 46
\BOOKMARK [2][-]{subsection.5.1.8}{\376\377\123\357\142\151\134\125\140\047}{section.5.1}% 47
\BOOKMARK [1][-]{section.5.2}{\376\377\133\211\121\150\227\000\154\102}{chapter.5}% 48
\BOOKMARK [2][-]{subsection.5.2.1}{\376\377\165\050\142\067\216\253\116\375\213\244\213\301\227\000\154\102}{section.5.2}% 49
\BOOKMARK [2][-]{subsection.5.2.2}{\376\377\145\160\143\156\117\335\133\306\227\000\154\102}{section.5.2}% 50
\BOOKMARK [2][-]{subsection.5.2.3}{\376\377\177\121\176\334\133\211\121\150\227\000\154\102}{section.5.2}% 51
\BOOKMARK [2][-]{subsection.5.2.4}{\376\377\145\160\143\156\131\007\116\375\140\142\131\015\227\000\154\102}{section.5.2}% 52
\BOOKMARK [2][-]{subsection.5.2.5}{\376\377\121\163\154\350\121\205\133\271\166\204\166\321\173\241\200\375\122\233}{section.5.2}% 53
\BOOKMARK [1][-]{section.5.3}{\376\377\123\357\165\050\227\000\154\102}{chapter.5}% 54
\BOOKMARK [2][-]{subsection.5.3.1}{\376\377\122\237\200\375\145\271\227\142}{section.5.3}% 55
\BOOKMARK [2][-]{subsection.5.3.2}{\376\377\165\114\227\142\145\271\227\142}{section.5.3}% 56
\BOOKMARK [2][-]{subsection.5.3.3}{\376\377\144\315\117\134\145\271\227\142}{section.5.3}% 57
\BOOKMARK [2][-]{subsection.5.3.4}{\376\377\133\211\121\150\145\271\227\142}{section.5.3}% 58
\BOOKMARK [1][-]{section.5.4}{\376\377\117\335\133\306\227\000\154\102}{chapter.5}% 59
\BOOKMARK [2][-]{subsection.5.4.1}{\376\377\165\050\142\067\216\253\116\375\213\244\213\301}{section.5.4}% 60
\BOOKMARK [2][-]{subsection.5.4.2}{\376\377\145\160\143\156\122\240\133\306}{section.5.4}% 61
\BOOKMARK [2][-]{subsection.5.4.3}{\376\377\133\211\121\150\133\241\213\241}{section.5.4}% 62
\BOOKMARK [2][-]{subsection.5.4.4}{\376\377\133\211\121\150\173\126\165\145}{section.5.4}% 63
\BOOKMARK [2][-]{subsection.5.4.5}{\376\377\121\205\220\350\143\247\122\066}{section.5.4}% 64
\BOOKMARK [1][-]{section.5.5}{\376\377\217\157\116\366\215\050\221\317\134\136\140\047}{chapter.5}% 65
\BOOKMARK [2][-]{subsection.5.5.1}{\376\377\123\357\227\140\140\047}{section.5.5}% 66
\BOOKMARK [2][-]{subsection.5.5.2}{\376\377\123\357\176\364\142\244\140\047}{section.5.5}% 67
\BOOKMARK [2][-]{subsection.5.5.3}{\376\377\123\357\165\050\140\047}{section.5.5}% 68
\BOOKMARK [2][-]{subsection.5.5.4}{\376\377\133\211\121\150\140\047}{section.5.5}% 69
\BOOKMARK [2][-]{subsection.5.5.5}{\376\377\123\357\142\323\134\125\140\047}{section.5.5}% 70
\BOOKMARK [2][-]{subsection.5.5.6}{\376\377\146\023\165\050\140\047}{section.5.5}% 71
\BOOKMARK [0][-]{chapter.6}{\376\377\145\160\143\156\155\101\126\376}{}% 72
\BOOKMARK [0][-]{chapter.7}{\376\377\000U\000I\123\237\127\213}{}% 73
\BOOKMARK [0][-]{chapter.8}{\376\377\121\166\116\326\227\000\154\102}{}% 74
\BOOKMARK [0][-]{section*.3}{\376\377\000A\000p\000p\000e\000n\000d\000i\000c\000e\000s}{}% 75
\BOOKMARK [0][-]{appendix.a.A}{\376\377\000G\000l\000o\000s\000s\000a\000r\000y}{}% 76
