\BOOKMARK [0][-]{chapter.1}{\376\377\133\374\212\000}{}% 1
\BOOKMARK [1][-]{section.1.1}{\376\377\166\356\166\204}{chapter.1}% 2
\BOOKMARK [1][-]{section.1.2}{\376\377\145\207\150\143\176\246\133\232}{chapter.1}% 3
\BOOKMARK [1][-]{section.1.3}{\376\377\117\177\165\050\116\272\177\244\124\214\226\005\213\373\136\372\213\256}{chapter.1}% 4
\BOOKMARK [1][-]{section.1.4}{\376\377\230\171\166\356\203\003\126\364}{chapter.1}% 5
\BOOKMARK [1][-]{section.1.5}{\376\377\230\316\226\151\213\146\171\072}{chapter.1}% 6
\BOOKMARK [1][-]{section.1.6}{\376\377\123\302\200\003\145\207\163\056}{chapter.1}% 7
\BOOKMARK [0][-]{chapter.2}{\376\377\140\073\117\123\143\317\217\360}{}% 8
\BOOKMARK [1][-]{section.2.1}{\376\377\116\247\124\301\141\077\146\157}{chapter.2}% 9
\BOOKMARK [1][-]{section.2.2}{\376\377\116\247\124\301\162\171\140\047}{chapter.2}% 10
\BOOKMARK [1][-]{section.2.3}{\376\377\165\050\142\067\174\173\127\213\124\214\162\171\137\201}{chapter.2}% 11
\BOOKMARK [1][-]{section.2.4}{\376\377\144\315\117\134\163\257\130\203}{chapter.2}% 12
\BOOKMARK [1][-]{section.2.5}{\376\377\213\276\213\241\124\214\133\236\145\275\176\246\147\137}{chapter.2}% 13
\BOOKMARK [1][-]{section.2.6}{\376\377\165\050\142\067\145\207\150\143}{chapter.2}% 14
\BOOKMARK [1][-]{section.2.7}{\376\377\120\107\213\276\124\214\117\235\215\126}{chapter.2}% 15
\BOOKMARK [0][-]{chapter.3}{\376\377\174\373\176\337\162\171\140\047}{}% 16
\BOOKMARK [1][-]{section.3.1}{\376\377\166\364\144\255\136\163\123\360}{chapter.3}% 17
\BOOKMARK [1][-]{section.3.2}{\376\377\133\236\145\366\177\373\213\321}{chapter.3}% 18
\BOOKMARK [1][-]{section.3.3}{\376\377\122\006\136\003\137\017\133\130\120\250}{chapter.3}% 19
\BOOKMARK [0][-]{chapter.4}{\376\377\131\026\220\350\143\245\123\343\227\000\154\102}{}% 20
\BOOKMARK [1][-]{section.4.1}{\376\377\174\173\126\376}{chapter.4}% 21
\BOOKMARK [1][-]{section.4.2}{\376\377\000C\000R\000C\152\041\127\213}{chapter.4}% 22
\BOOKMARK [0][-]{chapter.5}{\376\377\227\136\122\237\200\375\140\047\227\000\154\102}{}% 23
\BOOKMARK [1][-]{section.5.1}{\376\377\140\047\200\375\227\000\154\102}{chapter.5}% 24
\BOOKMARK [1][-]{section.5.2}{\376\377\133\211\121\150\227\000\154\102}{chapter.5}% 25
\BOOKMARK [1][-]{section.5.3}{\376\377\117\335\133\306\227\000\154\102}{chapter.5}% 26
\BOOKMARK [1][-]{section.5.4}{\376\377\217\157\116\366\215\050\221\317\134\136\140\047}{chapter.5}% 27
\BOOKMARK [0][-]{chapter.6}{\376\377\145\160\143\156\155\101\126\376}{}% 28
\BOOKMARK [0][-]{chapter.7}{\376\377\000U\000I\123\237\127\213}{}% 29
\BOOKMARK [0][-]{chapter.8}{\376\377\121\166\116\326\227\000\154\102}{}% 30
\BOOKMARK [0][-]{section*.2}{\376\377\000A\000p\000p\000e\000n\000d\000i\000c\000e\000s}{}% 31
\BOOKMARK [0][-]{appendix.a.A}{\376\377\000G\000l\000o\000s\000s\000a\000r\000y}{}% 32
